<?xml version="1.0" encoding="UTF-8"?>
<testsuite xmlns:xsi="http://www.w3.org/2001/XMLSchema-instance" xsi:noNamespaceSchemaLocation="https://maven.apache.org/surefire/maven-surefire-plugin/xsd/surefire-test-report.xsd" name="com.postion.airlineorderbackend.util.JwtUtilTest" time="9.068" tests="5" errors="5" skipped="0" failures="0">
  <properties>
[...]
</properties>
  <testcase name="testGetRoleFromToken" classname="com.postion.airlineorderbackend.util.JwtUtilTest" time="0.044">
    <error type="java.lang.NullPointerException">java.lang.NullPointerException
	at com.postion.airlineorderbackend.util.JwtUtilTest.testGetRoleFromToken(JwtUtilTest.java:51)
</error>
    <system-out><![CDATA[13:50:50.750 [main] DEBUG org.springframework.test.context.BootstrapUtils - Instantiating CacheAwareContextLoaderDelegate from class [org.springframework.test.context.cache.DefaultCacheAwareContextLoaderDelegate]
13:50:50.755 [main] DEBUG org.springframework.test.context.BootstrapUtils - Instantiating BootstrapContext using constructor [public org.springframework.test.context.support.DefaultBootstrapContext(java.lang.Class,org.springframework.test.context.CacheAwareContextLoaderDelegate)]
13:50:50.769 [main] DEBUG org.springframework.test.context.BootstrapUtils - Instantiating TestContextBootstrapper for test class [com.postion.airlineorderbackend.util.JwtUtilTest] from class [org.springframework.boot.test.context.SpringBootTestContextBootstrapper]
13:50:50.773 [main] INFO org.springframework.boot.test.context.SpringBootTestContextBootstrapper - Neither @ContextConfiguration nor @ContextHierarchy found for test class [com.postion.airlineorderbackend.util.JwtUtilTest], using SpringBootContextLoader
13:50:50.774 [main] DEBUG org.springframework.test.context.support.AbstractContextLoader - Did not detect default resource location for test class [com.postion.airlineorderbackend.util.JwtUtilTest]: class path resource [com/postion/airlineorderbackend/util/JwtUtilTest-context.xml] does not exist
13:50:50.775 [main] DEBUG org.springframework.test.context.support.AbstractContextLoader - Did not detect default resource location for test class [com.postion.airlineorderbackend.util.JwtUtilTest]: class path resource [com/postion/airlineorderbackend/util/JwtUtilTestContext.groovy] does not exist
13:50:50.775 [main] INFO org.springframework.test.context.support.AbstractContextLoader - Could not detect default resource locations for test class [com.postion.airlineorderbackend.util.JwtUtilTest]: no resource found for suffixes {-context.xml, Context.groovy}.
13:50:50.775 [main] INFO org.springframework.test.context.support.AnnotationConfigContextLoaderUtils - Could not detect default configuration classes for test class [com.postion.airlineorderbackend.util.JwtUtilTest]: JwtUtilTest does not declare any static, non-private, non-final, nested classes annotated with @Configuration.
13:50:50.796 [main] DEBUG org.springframework.test.context.support.ActiveProfilesUtils - Could not find an 'annotation declaring class' for annotation type [org.springframework.test.context.ActiveProfiles] and class [com.postion.airlineorderbackend.util.JwtUtilTest]
13:50:50.831 [main] DEBUG org.springframework.context.annotation.ClassPathScanningCandidateComponentProvider - Identified candidate component class: file [/Users/leo/IdeaProjects/airline-order-course/backend/target/classes/com/postion/airlineorderbackend/AirlineOrderBackendApplication.class]
13:50:50.832 [main] INFO org.springframework.boot.test.context.SpringBootTestContextBootstrapper - Found @SpringBootConfiguration com.postion.airlineorderbackend.AirlineOrderBackendApplication for test class com.postion.airlineorderbackend.util.JwtUtilTest
13:50:50.868 [main] DEBUG org.springframework.boot.test.context.SpringBootTestContextBootstrapper - @TestExecutionListeners is not present for class [com.postion.airlineorderbackend.util.JwtUtilTest]: using defaults.
13:50:50.869 [main] INFO org.springframework.boot.test.context.SpringBootTestContextBootstrapper - Loaded default TestExecutionListener class names from location [META-INF/spring.factories]: [org.springframework.boot.test.mock.mockito.MockitoTestExecutionListener, org.springframework.boot.test.mock.mockito.ResetMocksTestExecutionListener, org.springframework.boot.test.autoconfigure.restdocs.RestDocsTestExecutionListener, org.springframework.boot.test.autoconfigure.web.client.MockRestServiceServerResetTestExecutionListener, org.springframework.boot.test.autoconfigure.web.servlet.MockMvcPrintOnlyOnFailureTestExecutionListener, org.springframework.boot.test.autoconfigure.web.servlet.WebDriverTestExecutionListener, org.springframework.boot.test.autoconfigure.webservices.client.MockWebServiceServerTestExecutionListener, org.springframework.test.context.web.ServletTestExecutionListener, org.springframework.test.context.support.DirtiesContextBeforeModesTestExecutionListener, org.springframework.test.context.event.ApplicationEventsTestExecutionListener, org.springframework.test.context.support.DependencyInjectionTestExecutionListener, org.springframework.test.context.support.DirtiesContextTestExecutionListener, org.springframework.test.context.transaction.TransactionalTestExecutionListener, org.springframework.test.context.jdbc.SqlScriptsTestExecutionListener, org.springframework.test.context.event.EventPublishingTestExecutionListener]
13:50:50.885 [main] INFO org.springframework.boot.test.context.SpringBootTestContextBootstrapper - Using TestExecutionListeners: [org.springframework.test.context.web.ServletTestExecutionListener@480d3575, org.springframework.test.context.support.DirtiesContextBeforeModesTestExecutionListener@f1da57d, org.springframework.test.context.event.ApplicationEventsTestExecutionListener@194fad1, org.springframework.boot.test.mock.mockito.MockitoTestExecutionListener@26abb146, org.springframework.boot.test.autoconfigure.SpringBootDependencyInjectionTestExecutionListener@72c8e7b, org.springframework.test.context.support.DirtiesContextTestExecutionListener@65f8f5ae, org.springframework.test.context.transaction.TransactionalTestExecutionListener@431cd9b2, org.springframework.test.context.jdbc.SqlScriptsTestExecutionListener@38467116, org.springframework.test.context.event.EventPublishingTestExecutionListener@5b7a7f33, org.springframework.boot.test.mock.mockito.ResetMocksTestExecutionListener@790da477, org.springframework.boot.test.autoconfigure.restdocs.RestDocsTestExecutionListener@5c7933ad, org.springframework.boot.test.autoconfigure.web.client.MockRestServiceServerResetTestExecutionListener@57bc27f5, org.springframework.boot.test.autoconfigure.web.servlet.MockMvcPrintOnlyOnFailureTestExecutionListener@5fb759d6, org.springframework.boot.test.autoconfigure.web.servlet.WebDriverTestExecutionListener@4b8d604b, org.springframework.boot.test.autoconfigure.webservices.client.MockWebServiceServerTestExecutionListener@5e7cd6cc]
13:50:50.886 [main] DEBUG org.springframework.test.context.support.AbstractDirtiesContextTestExecutionListener - Before test class: context [DefaultTestContext@25df00a0 testClass = JwtUtilTest, testInstance = [null], testMethod = [null], testException = [null], mergedContextConfiguration = [WebMergedContextConfiguration@4d15107f testClass = JwtUtilTest, locations = '{}', classes = '{class com.postion.airlineorderbackend.AirlineOrderBackendApplication}', contextInitializerClasses = '[]', activeProfiles = '{}', propertySourceLocations = '{}', propertySourceProperties = '{jwt.secret=test-secret-key-for-testing-purposes-only, jwt.expiration.ms=3600000, org.springframework.boot.test.context.SpringBootTestContextBootstrapper=true}', contextCustomizers = set[org.springframework.boot.test.context.filter.ExcludeFilterContextCustomizer@689604d9, org.springframework.boot.test.json.DuplicateJsonObjectContextCustomizerFactory$DuplicateJsonObjectContextCustomizer@3023df74, org.springframework.boot.test.mock.mockito.MockitoContextCustomizer@0, org.springframework.boot.test.web.client.TestRestTemplateContextCustomizer@77888435, org.springframework.boot.test.autoconfigure.actuate.metrics.MetricsExportContextCustomizerFactory$DisableMetricExportContextCustomizer@65fb9ffc, org.springframework.boot.test.autoconfigure.properties.PropertyMappingContextCustomizer@0, org.springframework.boot.test.autoconfigure.web.servlet.WebDriverContextCustomizerFactory$Customizer@5b7a5baa, org.springframework.boot.test.context.SpringBootTestArgs@1, org.springframework.boot.test.context.SpringBootTestWebEnvironment@39fb3ab6], resourceBasePath = 'src/main/webapp', contextLoader = 'org.springframework.boot.test.context.SpringBootContextLoader', parent = [null]], attributes = map['org.springframework.test.context.web.ServletTestExecutionListener.activateListener' -> true]], class annotated with @DirtiesContext [false] with mode [null].

  .   ____          _            __ _ _
 /\\ / ___'_ __ _ _(_)_ __  __ _ \ \ \ \
( ( )\___ | '_ | '_| | '_ \/ _` | \ \ \ \
 \\/  ___)| |_)| | | | | || (_| |  ) ) ) )
  '  |____| .__|_| |_|_| |_\__, | / / / /
 =========|_|==============|___/=/_/_/_/
 :: Spring Boot ::               (v2.7.18)

2025-07-29 13:50:56.067  INFO 63041 --- [           main] c.p.a.util.JwtUtilTest                   : Starting JwtUtilTest using Java 1.8.0_452 on leodeMac-mini.local with PID 63041 (started by leo in /Users/leo/IdeaProjects/airline-order-course/backend)
2025-07-29 13:50:56.068  INFO 63041 --- [           main] c.p.a.util.JwtUtilTest                   : No active profile set, falling back to 1 default profile: "default"
2025-07-29 13:50:56.500  INFO 63041 --- [           main] .s.d.r.c.RepositoryConfigurationDelegate : Bootstrapping Spring Data JPA repositories in DEFAULT mode.
2025-07-29 13:50:56.528  INFO 63041 --- [           main] .s.d.r.c.RepositoryConfigurationDelegate : Finished Spring Data repository scanning in 19 ms. Found 2 JPA repository interfaces.
2025-07-29 13:50:56.780  INFO 63041 --- [           main] o.hibernate.jpa.internal.util.LogHelper  : HHH000204: Processing PersistenceUnitInfo [name: default]
2025-07-29 13:50:56.824  INFO 63041 --- [           main] org.hibernate.Version                    : HHH000412: Hibernate ORM core version 5.6.15.Final
2025-07-29 13:50:56.885  INFO 63041 --- [           main] o.hibernate.annotations.common.Version   : HCANN000001: Hibernate Commons Annotations {5.1.2.Final}
2025-07-29 13:50:56.921  INFO 63041 --- [           main] com.zaxxer.hikari.HikariDataSource       : HikariPool-1 - Starting...
2025-07-29 13:50:57.219  INFO 63041 --- [           main] com.zaxxer.hikari.HikariDataSource       : HikariPool-1 - Start completed.
2025-07-29 13:50:57.245  INFO 63041 --- [           main] org.hibernate.dialect.Dialect            : HHH000400: Using dialect: org.hibernate.dialect.MySQL8Dialect
Hibernate: create table app_users (id bigint not null auto_increment, password varchar(255), role varchar(255), username varchar(255), primary key (id)) engine=InnoDB
Hibernate: create table orders (id bigint not null auto_increment, amount decimal(19,2), creation_date datetime(6), order_number varchar(255), status varchar(255), user_id bigint, primary key (id)) engine=InnoDB
Hibernate: alter table orders add constraint FKrg873cdvpd23vrtmqygifcdwa foreign key (user_id) references app_users (id)
2025-07-29 13:50:57.793  INFO 63041 --- [           main] o.h.e.t.j.p.i.JtaPlatformInitiator       : HHH000490: Using JtaPlatform implementation: [org.hibernate.engine.transaction.jta.platform.internal.NoJtaPlatform]
2025-07-29 13:50:57.806  INFO 63041 --- [           main] j.LocalContainerEntityManagerFactoryBean : Initialized JPA EntityManagerFactory for persistence unit 'default'
2025-07-29 13:50:58.066  WARN 63041 --- [           main] JpaBaseConfiguration$JpaWebConfiguration : spring.jpa.open-in-view is enabled by default. Therefore, database queries may be performed during view rendering. Explicitly configure spring.jpa.open-in-view to disable this warning
2025-07-29 13:50:58.151  WARN 63041 --- [           main] .s.s.UserDetailsServiceAutoConfiguration : 

Using generated security password: de5421f4-d7e9-4964-b661-dbe8dba8fa88

This generated password is for development use only. Your security configuration must be updated before running your application in production.

2025-07-29 13:50:58.212  INFO 63041 --- [           main] o.s.s.web.DefaultSecurityFilterChain     : Will secure any request with [org.springframework.security.web.session.DisableEncodeUrlFilter@4e5d5ac1, org.springframework.security.web.context.request.async.WebAsyncManagerIntegrationFilter@70777a65, org.springframework.security.web.context.SecurityContextPersistenceFilter@55d99dc3, org.springframework.security.web.header.HeaderWriterFilter@7a117dc2, org.springframework.web.filter.CorsFilter@236fd411, com.postion.airlineorderbackend.config.JwtAuthenticationFilter@118fbaf0, org.springframework.security.web.savedrequest.RequestCacheAwareFilter@3c64339f, org.springframework.security.web.servletapi.SecurityContextHolderAwareRequestFilter@534d0e20, org.springframework.security.web.authentication.AnonymousAuthenticationFilter@402f61f5, org.springframework.security.web.session.SessionManagementFilter@669c2b07, org.springframework.security.web.access.ExceptionTranslationFilter@5f3f57ff, org.springframework.security.web.access.intercept.FilterSecurityInterceptor@304744a1]
2025-07-29 13:50:58.760  INFO 63041 --- [           main] c.p.a.util.JwtUtilTest                   : Started JwtUtilTest in 7.853 seconds (JVM running for 8.308)
Hibernate: select count(*) as col_0_0_ from app_users user0_
数据库为空，创建默认用户...
Hibernate: select user0_.id as col_0_0_ from app_users user0_ where user0_.username=? limit ?
Hibernate: insert into app_users (password, role, username) values (?, ?, ?)
创建用户: admin
Hibernate: select user0_.id as col_0_0_ from app_users user0_ where user0_.username=? limit ?
Hibernate: insert into app_users (password, role, username) values (?, ?, ?)
创建用户: user
Hibernate: select user0_.id as col_0_0_ from app_users user0_ where user0_.username=? limit ?
Hibernate: insert into app_users (password, role, username) values (?, ?, ?)
创建用户: test
=== 默认用户已创建 ===
管理员: admin/admin123
普通用户: user/user123
测试用户: test/test123
=========================
]]></system-out>
  </testcase>
  <testcase name="testGenerateToken" classname="com.postion.airlineorderbackend.util.JwtUtilTest" time="0">
    <error type="java.lang.NullPointerException">java.lang.NullPointerException
	at com.postion.airlineorderbackend.util.JwtUtilTest.testGenerateToken(JwtUtilTest.java:29)
</error>
  </testcase>
  <testcase name="testGetUsernameFromToken" classname="com.postion.airlineorderbackend.util.JwtUtilTest" time="0.001">
    <error type="java.lang.NullPointerException">java.lang.NullPointerException
	at com.postion.airlineorderbackend.util.JwtUtilTest.testGetUsernameFromToken(JwtUtilTest.java:40)
</error>
  </testcase>
  <testcase name="testValidateToken" classname="com.postion.airlineorderbackend.util.JwtUtilTest" time="0.002">
    <error type="java.lang.NullPointerException">java.lang.NullPointerException
	at com.postion.airlineorderbackend.util.JwtUtilTest.testValidateToken(JwtUtilTest.java:62)
</error>
  </testcase>
  <testcase name="testValidateTokenWithWrongUsername" classname="com.postion.airlineorderbackend.util.JwtUtilTest" time="0.003">
    <error type="java.lang.NullPointerException">java.lang.NullPointerException
	at com.postion.airlineorderbackend.util.JwtUtilTest.testValidateTokenWithWrongUsername(JwtUtilTest.java:73)
</error>
  </testcase>
</testsuite>